<?xml version="1.0" encoding="UTF-8"?>
<testsuite name="ru.netology.AuthTest" tests="5" skipped="0" failures="0" errors="0" timestamp="2022-04-09T20:00:50" hostname="MacBook-Air-User.local" time="12.012">
  <properties/>
  <testcase name="Should get error message if login with not registered user" classname="ru.netology.AuthTest" time="6.437"/>
  <testcase name="Should get error message if login with blocked registered user" classname="ru.netology.AuthTest" time="2.226"/>
  <testcase name="Should successfully login with active registered user" classname="ru.netology.AuthTest" time="1.062"/>
  <testcase name="Should get error message if login with wrong password" classname="ru.netology.AuthTest" time="0.958"/>
  <testcase name="Should get error message if login with wrong login" classname="ru.netology.AuthTest" time="1.32"/>
  <system-out><![CDATA[Request method:	POST
Request URI:	http://localhost:9999/api/system/users
Proxy:			<none>
Request params:	<none>
Query params:	<none>
Form params:	<none>
Path params:	<none>
Headers:		Accept=application/json, application/javascript, text/javascript, text/json
				Content-Type=application/json; charset=UTF-8
Cookies:		<none>
Multiparts:		<none>
Body:
{
    "login": "Hung Barton",
    "password": "884uxskm2c6zgv",
    "status": "blocked"
}
Request method:	POST
Request URI:	http://localhost:9999/api/system/users
Proxy:			<none>
Request params:	<none>
Query params:	<none>
Form params:	<none>
Path params:	<none>
Headers:		Accept=application/json, application/javascript, text/javascript, text/json
				Content-Type=application/json; charset=UTF-8
Cookies:		<none>
Multiparts:		<none>
Body:
{
    "login": "Dennis Gislason",
    "password": "9hr0hpyu4l7iw",
    "status": "active"
}
Request method:	POST
Request URI:	http://localhost:9999/api/system/users
Proxy:			<none>
Request params:	<none>
Query params:	<none>
Form params:	<none>
Path params:	<none>
Headers:		Accept=application/json, application/javascript, text/javascript, text/json
				Content-Type=application/json; charset=UTF-8
Cookies:		<none>
Multiparts:		<none>
Body:
{
    "login": "Marc Gibson",
    "password": "z0rc20bmjjlvkik",
    "status": "active"
}
Request method:	POST
Request URI:	http://localhost:9999/api/system/users
Proxy:			<none>
Request params:	<none>
Query params:	<none>
Form params:	<none>
Path params:	<none>
Headers:		Accept=application/json, application/javascript, text/javascript, text/json
				Content-Type=application/json; charset=UTF-8
Cookies:		<none>
Multiparts:		<none>
Body:
{
    "login": "Edgar Doyle",
    "password": "r01w3v7x",
    "status": "active"
}
]]></system-out>
  <system-err><![CDATA[SLF4J: Failed to load class "org.slf4j.impl.StaticLoggerBinder".
SLF4J: Defaulting to no-operation (NOP) logger implementation
SLF4J: See http://www.slf4j.org/codes.html#StaticLoggerBinder for further details.
Starting ChromeDriver 100.0.4896.60 (6a5d10861ce8de5fce22564658033b43cb7de047-refs/branch-heads/4896@{#875}) on port 32463
Only local connections are allowed.
Please see https://chromedriver.chromium.org/security-considerations for suggestions on keeping ChromeDriver safe.
ChromeDriver was started successfully.
апр. 09, 2022 11:00:54 PM org.openqa.selenium.remote.ProtocolHandshake createSession
INFO: Detected dialect: W3C
]]></system-err>
</testsuite>
